# JRE version: OpenJDK Runtime Environment Temurin-21.0.10+7 (21.0.10+7) (build 21.0.10+7-LTS)
# Java VM: OpenJDK 64-Bit Server VM Temurin-21.0.10+7 (21.0.10+7-LTS, mixed mode, sharing, tiered, compressed oops, compressed class ptrs, parallel gc, windows-amd64)
GC Precious Log:
 CardTable entry size: 512
 CPUs: 4 total, 4 available
 Memory: 7975M
 Large Page Support: Disabled
 NUMA Support: Disabled
 Compressed Oops: Enabled (32-bit)
 Alignments: Space 512K, Generation 512K, Heap 2M
 Heap Min Capacity: 100M
 Heap Initial Capacity: 100M
 Heap Max Capacity: 2G
 Pre-touch: Disabled
 Parallel Workers: 4
Heap:
 PSYoungGen      total 8704K, used 5252K [0x00000000d5580000, 0x00000000d5f00000, 0x0000000100000000)
  eden space 7680K, 59% used [0x00000000d5580000,0x00000000d59f7e70,0x00000000d5d00000)
  from space 1024K, 66% used [0x00000000d5e00000,0x00000000d5ea9210,0x00000000d5f00000)
  to   space 1024K, 0% used [0x00000000d5d00000,0x00000000d5d00000,0x00000000d5e00000)
 ParOldGen       total 489984K, used 489758K [0x0000000080000000, 0x000000009de80000, 0x00000000d5580000)
  object space 489984K, 99% used [0x0000000080000000,0x000000009de47980,0x000000009de80000)
 Metaspace       used 109558K, committed 111360K, reserved 1179648K
  class space    used 12225K, committed 13056K, reserved 1048576K
GC Heap History (20 events):
Event: 17676.186 GC heap before
{Heap before GC invocations=6777 (full 16):
 PSYoungGen      total 8704K, used 8320K [0x00000000d5580000, 0x00000000d5f00000, 0x0000000100000000)
  eden space 7680K, 100% used [0x00000000d5580000,0x00000000d5d00000,0x00000000d5d00000)
  from space 1024K, 62% used [0x00000000d5e00000,0x00000000d5ea0000,0x00000000d5f00000)
  to   space 1024K, 0% used [0x00000000d5d00000,0x00000000d5d00000,0x00000000d5e00000)
 ParOldGen       total 486912K, used 486679K [0x0000000080000000, 0x000000009db80000, 0x00000000d5580000)
  object space 486912K, 99% used [0x0000000080000000,0x000000009db45e68,0x000000009db80000)
 Metaspace       used 109549K, committed 111360K, reserved 1179648K
  class space    used 12225K, committed 13056K, reserved 1048576K
}
Event: 17676.194 GC heap after
{Heap after GC invocations=6777 (full 16):
 PSYoungGen      total 8704K, used 768K [0x00000000d5580000, 0x00000000d5f00000, 0x0000000100000000)
  eden space 7680K, 0% used [0x00000000d5580000,0x00000000d5580000,0x00000000d5d00000)
  from space 1024K, 75% used [0x00000000d5d00000,0x00000000d5dc0000,0x00000000d5e00000)
  to   space 1024K, 0% used [0x00000000d5e00000,0x00000000d5e00000,0x00000000d5f00000)
 ParOldGen       total 487424K, used 487263K [0x0000000080000000, 0x000000009dc00000, 0x00000000d5580000)
  object space 487424K, 99% used [0x0000000080000000,0x000000009dbd7ea8,0x000000009dc00000)
 Metaspace       used 109549K, committed 111360K, reserved 1179648K
  class space    used 12225K, committed 13056K, reserved 1048576K
}
Event: 17678.039 GC heap before
{Heap before GC invocations=6778 (full 16):
 PSYoungGen      total 8704K, used 8409K [0x00000000d5580000, 0x00000000d5f00000, 0x0000000100000000)
  eden space 7680K, 99% used [0x00000000d5580000,0x00000000d5cf6680,0x00000000d5d00000)
  from space 1024K, 75% used [0x00000000d5d00000,0x00000000d5dc0000,0x00000000d5e00000)
  to   space 1024K, 0% used [0x00000000d5e00000,0x00000000d5e00000,0x00000000d5f00000)
 ParOldGen       total 487424K, used 487263K [0x0000000080000000, 0x000000009dc00000, 0x00000000d5580000)
  object space 487424K, 99% used [0x0000000080000000,0x000000009dbd7ea8,0x000000009dc00000)
 Metaspace       used 109553K, committed 111360K, reserved 1179648K
  class space    used 12225K, committed 13056K, reserved 1048576K
}
Event: 17678.061 GC heap after
{Heap after GC invocations=6778 (full 16):
 PSYoungGen      total 8704K, used 422K [0x00000000d5580000, 0x00000000d5f00000, 0x0000000100000000)
  eden space 7680K, 0% used [0x00000000d5580000,0x00000000d5580000,0x00000000d5d00000)
  from space 1024K, 41% used [0x00000000d5e00000,0x00000000d5e69b50,0x00000000d5f00000)
  to   space 1024K, 0% used [0x00000000d5d00000,0x00000000d5d00000,0x00000000d5e00000)
 ParOldGen       total 488448K, used 487967K [0x0000000080000000, 0x000000009dd00000, 0x00000000d5580000)
  object space 488448K, 99% used [0x0000000080000000,0x000000009dc87ec8,0x000000009dd00000)
 Metaspace       used 109553K, committed 111360K, reserved 1179648K
  class space    used 12225K, committed 13056K, reserved 1048576K
}
Event: 17678.140 GC heap before
{Heap before GC invocations=6779 (full 16):
 PSYoungGen      total 8704K, used 8102K [0x00000000d5580000, 0x00000000d5f00000, 0x0000000100000000)
  eden space 7680K, 100% used [0x00000000d5580000,0x00000000d5d00000,0x00000000d5d00000)
  from space 1024K, 41% used [0x00000000d5e00000,0x00000000d5e69b50,0x00000000d5f00000)
  to   space 1024K, 0% used [0x00000000d5d00000,0x00000000d5d00000,0x00000000d5e00000)
 ParOldGen       total 488448K, used 487967K [0x0000000080000000, 0x000000009dd00000, 0x00000000d5580000)
  object space 488448K, 99% used [0x0000000080000000,0x000000009dc87ec8,0x000000009dd00000)
 Metaspace       used 109553K, committed 111360K, reserved 1179648K
  class space    used 12225K, committed 13056K, reserved 1048576K
}
Event: 17678.145 GC heap after
{Heap after GC invocations=6779 (full 16):
 PSYoungGen      total 8704K, used 128K [0x00000000d5580000, 0x00000000d5e80000, 0x0000000100000000)
  eden space 7680K, 0% used [0x00000000d5580000,0x00000000d5580000,0x00000000d5d00000)
  from space 1024K, 12% used [0x00000000d5d00000,0x00000000d5d20000,0x00000000d5e00000)
  to   space 512K, 0% used [0x00000000d5e00000,0x00000000d5e00000,0x00000000d5e80000)
 ParOldGen       total 488448K, used 488324K [0x0000000080000000, 0x000000009dd00000, 0x00000000d5580000)
  object space 488448K, 99% used [0x0000000080000000,0x000000009dce1090,0x000000009dd00000)
 Metaspace       used 109553K, committed 111360K, reserved 1179648K
  class space    used 12225K, committed 13056K, reserved 1048576K
}
Event: 17678.179 GC heap before
{Heap before GC invocations=6780 (full 16):
 PSYoungGen      total 8704K, used 7808K [0x00000000d5580000, 0x00000000d5e80000, 0x0000000100000000)
  eden space 7680K, 100% used [0x00000000d5580000,0x00000000d5d00000,0x00000000d5d00000)
  from space 1024K, 12% used [0x00000000d5d00000,0x00000000d5d20000,0x00000000d5e00000)
  to   space 512K, 0% used [0x00000000d5e00000,0x00000000d5e00000,0x00000000d5e80000)
 ParOldGen       total 488448K, used 488324K [0x0000000080000000, 0x000000009dd00000, 0x00000000d5580000)
  object space 488448K, 99% used [0x0000000080000000,0x000000009dce1090,0x000000009dd00000)
 Metaspace       used 109554K, committed 111360K, reserved 1179648K
  class space    used 12225K, committed 13056K, reserved 1048576K
}
Event: 17678.183 GC heap after
{Heap after GC invocations=6780 (full 16):
 PSYoungGen      total 8192K, used 128K [0x00000000d5580000, 0x00000000d5e80000, 0x0000000100000000)
  eden space 7680K, 0% used [0x00000000d5580000,0x00000000d5580000,0x00000000d5d00000)
  from space 512K, 25% used [0x00000000d5e00000,0x00000000d5e20000,0x00000000d5e80000)
  to   space 512K, 0% used [0x00000000d5d80000,0x00000000d5d80000,0x00000000d5e00000)
 ParOldGen       total 488448K, used 488356K [0x0000000080000000, 0x000000009dd00000, 0x00000000d5580000)
  object space 488448K, 99% used [0x0000000080000000,0x000000009dce9090,0x000000009dd00000)
 Metaspace       used 109554K, committed 111360K, reserved 1179648K
  class space    used 12225K, committed 13056K, reserved 1048576K
}
Event: 17678.245 GC heap before
{Heap before GC invocations=6781 (full 16):
 PSYoungGen      total 8192K, used 7808K [0x00000000d5580000, 0x00000000d5e80000, 0x0000000100000000)
  eden space 7680K, 100% used [0x00000000d5580000,0x00000000d5d00000,0x00000000d5d00000)
  from space 512K, 25% used [0x00000000d5e00000,0x00000000d5e20000,0x00000000d5e80000)
  to   space 512K, 0% used [0x00000000d5d80000,0x00000000d5d80000,0x00000000d5e00000)
 ParOldGen       total 488448K, used 488356K [0x0000000080000000, 0x000000009dd00000, 0x00000000d5580000)
  object space 488448K, 99% used [0x0000000080000000,0x000000009dce9090,0x000000009dd00000)
 Metaspace       used 109555K, committed 111360K, reserved 1179648K
  class space    used 12225K, committed 13056K, reserved 1048576K
}
Event: 17678.251 GC heap after
{Heap after GC invocations=6781 (full 16):
 PSYoungGen      total 8192K, used 96K [0x00000000d5580000, 0x00000000d5e80000, 0x0000000100000000)
  eden space 7680K, 0% used [0x00000000d5580000,0x00000000d5580000,0x00000000d5d00000)
  from space 512K, 18% used [0x00000000d5d80000,0x00000000d5d98000,0x00000000d5e00000)
  to   space 512K, 0% used [0x00000000d5e00000,0x00000000d5e00000,0x00000000d5e80000)
 ParOldGen       total 488448K, used 488380K [0x0000000080000000, 0x000000009dd00000, 0x00000000d5580000)
  object space 488448K, 99% used [0x0000000080000000,0x000000009dcef090,0x000000009dd00000)
 Metaspace       used 109555K, committed 111360K, reserved 1179648K
  class space    used 12225K, committed 13056K, reserved 1048576K
}
Event: 17678.284 GC heap before
{Heap before GC invocations=6782 (full 16):
 PSYoungGen      total 8192K, used 7658K [0x00000000d5580000, 0x00000000d5e80000, 0x0000000100000000)
  eden space 7680K, 98% used [0x00000000d5580000,0x00000000d5ce2940,0x00000000d5d00000)
  from space 512K, 18% used [0x00000000d5d80000,0x00000000d5d98000,0x00000000d5e00000)
  to   space 512K, 0% used [0x00000000d5e00000,0x00000000d5e00000,0x00000000d5e80000)
 ParOldGen       total 488448K, used 488380K [0x0000000080000000, 0x000000009dd00000, 0x00000000d5580000)
  object space 488448K, 99% used [0x0000000080000000,0x000000009dcef090,0x000000009dd00000)
 Metaspace       used 109556K, committed 111360K, reserved 1179648K
  class space    used 12225K, committed 13056K, reserved 1048576K
}
Event: 17678.286 GC heap after
{Heap after GC invocations=6782 (full 16):
 PSYoungGen      total 8192K, used 128K [0x00000000d5580000, 0x00000000d5e80000, 0x0000000100000000)
  eden space 7680K, 0% used [0x00000000d5580000,0x00000000d5580000,0x00000000d5d00000)
  from space 512K, 25% used [0x00000000d5e00000,0x00000000d5e20000,0x00000000d5e80000)
  to   space 512K, 0% used [0x00000000d5d80000,0x00000000d5d80000,0x00000000d5e00000)
 ParOldGen       total 488448K, used 488396K [0x0000000080000000, 0x000000009dd00000, 0x00000000d5580000)
  object space 488448K, 99% used [0x0000000080000000,0x000000009dcf3090,0x000000009dd00000)
 Metaspace       used 109556K, committed 111360K, reserved 1179648K
  class space    used 12225K, committed 13056K, reserved 1048576K
}
Event: 19405.106 GC heap before
{Heap before GC invocations=6783 (full 16):
 PSYoungGen      total 8192K, used 7807K [0x00000000d5580000, 0x00000000d5e80000, 0x0000000100000000)
  eden space 7680K, 99% used [0x00000000d5580000,0x00000000d5cfffc8,0x00000000d5d00000)
  from space 512K, 25% used [0x00000000d5e00000,0x00000000d5e20000,0x00000000d5e80000)
  to   space 512K, 0% used [0x00000000d5d80000,0x00000000d5d80000,0x00000000d5e00000)
 ParOldGen       total 488448K, used 488396K [0x0000000080000000, 0x000000009dd00000, 0x00000000d5580000)
  object space 488448K, 99% used [0x0000000080000000,0x000000009dcf3090,0x000000009dd00000)
 Metaspace       used 109558K, committed 111360K, reserved 1179648K
  class space    used 12225K, committed 13056K, reserved 1048576K
}
Event: 19405.476 GC heap after
{Heap after GC invocations=6783 (full 16):
 PSYoungGen      total 8192K, used 128K [0x00000000d5580000, 0x00000000d5e80000, 0x0000000100000000)
  eden space 7680K, 0% used [0x00000000d5580000,0x00000000d5580000,0x00000000d5d00000)
  from space 512K, 25% used [0x00000000d5d80000,0x00000000d5da0000,0x00000000d5e00000)
  to   space 512K, 0% used [0x00000000d5e00000,0x00000000d5e00000,0x00000000d5e80000)
 ParOldGen       total 488448K, used 488420K [0x0000000080000000, 0x000000009dd00000, 0x00000000d5580000)
  object space 488448K, 99% used [0x0000000080000000,0x000000009dcf9090,0x000000009dd00000)
 Metaspace       used 109558K, committed 111360K, reserved 1179648K
  class space    used 12225K, committed 13056K, reserved 1048576K
}
Event: 19406.536 GC heap before
{Heap before GC invocations=6784 (full 16):
 PSYoungGen      total 8192K, used 7808K [0x00000000d5580000, 0x00000000d5e80000, 0x0000000100000000)
  eden space 7680K, 100% used [0x00000000d5580000,0x00000000d5d00000,0x00000000d5d00000)
  from space 512K, 25% used [0x00000000d5d80000,0x00000000d5da0000,0x00000000d5e00000)
  to   space 512K, 0% used [0x00000000d5e00000,0x00000000d5e00000,0x00000000d5e80000)
 ParOldGen       total 488448K, used 488420K [0x0000000080000000, 0x000000009dd00000, 0x00000000d5580000)
  object space 488448K, 99% used [0x0000000080000000,0x000000009dcf9090,0x000000009dd00000)
 Metaspace       used 109558K, committed 111360K, reserved 1179648K
  class space    used 12225K, committed 13056K, reserved 1048576K
}
Event: 19406.574 GC heap after
{Heap after GC invocations=6784 (full 16):
 PSYoungGen      total 8192K, used 489K [0x00000000d5580000, 0x00000000d5f00000, 0x0000000100000000)
  eden space 7680K, 0% used [0x00000000d5580000,0x00000000d5580000,0x00000000d5d00000)
  from space 512K, 95% used [0x00000000d5e00000,0x00000000d5e7a420,0x00000000d5e80000)
  to   space 1024K, 0% used [0x00000000d5d00000,0x00000000d5d00000,0x00000000d5e00000)
 ParOldGen       total 488960K, used 488664K [0x0000000080000000, 0x000000009dd80000, 0x00000000d5580000)
  object space 488960K, 99% used [0x0000000080000000,0x000000009dd36330,0x000000009dd80000)
 Metaspace       used 109558K, committed 111360K, reserved 1179648K
  class space    used 12225K, committed 13056K, reserved 1048576K
}
Event: 19406.666 GC heap before
{Heap before GC invocations=6785 (full 16):
 PSYoungGen      total 8192K, used 8169K [0x00000000d5580000, 0x00000000d5f00000, 0x0000000100000000)
  eden space 7680K, 100% used [0x00000000d5580000,0x00000000d5d00000,0x00000000d5d00000)
  from space 512K, 95% used [0x00000000d5e00000,0x00000000d5e7a420,0x00000000d5e80000)
  to   space 1024K, 0% used [0x00000000d5d00000,0x00000000d5d00000,0x00000000d5e00000)
 ParOldGen       total 488960K, used 488664K [0x0000000080000000, 0x000000009dd80000, 0x00000000d5580000)
  object space 488960K, 99% used [0x0000000080000000,0x000000009dd36330,0x000000009dd80000)
 Metaspace       used 109558K, committed 111360K, reserved 1179648K
  class space    used 12225K, committed 13056K, reserved 1048576K
}
Event: 19406.691 GC heap after
{Heap after GC invocations=6785 (full 16):
 PSYoungGen      total 8704K, used 724K [0x00000000d5580000, 0x00000000d5f00000, 0x0000000100000000)
  eden space 7680K, 0% used [0x00000000d5580000,0x00000000d5580000,0x00000000d5d00000)
  from space 1024K, 70% used [0x00000000d5d00000,0x00000000d5db5200,0x00000000d5e00000)
  to   space 1024K, 0% used [0x00000000d5e00000,0x00000000d5e00000,0x00000000d5f00000)
 ParOldGen       total 489472K, used 489137K [0x0000000080000000, 0x000000009de00000, 0x00000000d5580000)
  object space 489472K, 99% used [0x0000000080000000,0x000000009ddac750,0x000000009de00000)
 Metaspace       used 109558K, committed 111360K, reserved 1179648K
  class space    used 12225K, committed 13056K, reserved 1048576K
}
Event: 19406.883 GC heap before
{Heap before GC invocations=6786 (full 16):
 PSYoungGen      total 8704K, used 8404K [0x00000000d5580000, 0x00000000d5f00000, 0x0000000100000000)
  eden space 7680K, 100% used [0x00000000d5580000,0x00000000d5d00000,0x00000000d5d00000)
  from space 1024K, 70% used [0x00000000d5d00000,0x00000000d5db5200,0x00000000d5e00000)
  to   space 1024K, 0% used [0x00000000d5e00000,0x00000000d5e00000,0x00000000d5f00000)
 ParOldGen       total 489472K, used 489137K [0x0000000080000000, 0x000000009de00000, 0x00000000d5580000)
  object space 489472K, 99% used [0x0000000080000000,0x000000009ddac750,0x000000009de00000)
 Metaspace       used 109558K, committed 111360K, reserved 1179648K
  class space    used 12225K, committed 13056K, reserved 1048576K
}
Event: 19406.890 GC heap after
{Heap after GC invocations=6786 (full 16):
 PSYoungGen      total 8704K, used 676K [0x00000000d5580000, 0x00000000d5f00000, 0x0000000100000000)
  eden space 7680K, 0% used [0x00000000d5580000,0x00000000d5580000,0x00000000d5d00000)
  from space 1024K, 66% used [0x00000000d5e00000,0x00000000d5ea9210,0x00000000d5f00000)
  to   space 1024K, 0% used [0x00000000d5d00000,0x00000000d5d00000,0x00000000d5e00000)
 ParOldGen       total 489984K, used 489758K [0x0000000080000000, 0x000000009de80000, 0x00000000d5580000)
  object space 489984K, 99% used [0x0000000080000000,0x000000009de47980,0x000000009de80000)
 Metaspace       used 109558K, committed 111360K, reserved 1179648K
  class space    used 12225K, committed 13056K, reserved 1048576K
}

